<?xml version="1.0" encoding="UTF-8"?>
<testng-results skipped="0" failed="1" ignored="0" total="4" passed="3">
  <reporter-output>
  </reporter-output>
  <suite name="Suite" duration-ms="52520" started-at="2019-03-19T10:20:00Z" finished-at="2019-03-19T10:20:52Z">
    <groups>
    </groups>
    <test name="Help Validation" duration-ms="9701" started-at="2019-03-19T10:20:00Z" finished-at="2019-03-19T10:20:10Z">
      <class name="CodeAcademy.HelpValidation">
        <test-method status="PASS" signature="browserSetup()[pri:0, instance:CodeAcademy.HelpValidation@223191a6]" name="browserSetup" is-config="true" duration-ms="5676" started-at="2019-03-19T10:20:00Z" finished-at="2019-03-19T10:20:06Z">
          <reporter-output>
          </reporter-output>
        </test-method> <!-- browserSetup -->
        <test-method status="PASS" signature="helpButton()[pri:0, instance:CodeAcademy.HelpValidation@223191a6]" name="helpButton" duration-ms="1654" started-at="2019-03-19T10:20:06Z" finished-at="2019-03-19T10:20:07Z">
          <reporter-output>
          </reporter-output>
        </test-method> <!-- helpButton -->
        <test-method status="PASS" signature="closeBrowser()[pri:0, instance:CodeAcademy.HelpValidation@223191a6]" name="closeBrowser" is-config="true" duration-ms="2352" started-at="2019-03-19T10:20:07Z" finished-at="2019-03-19T10:20:10Z">
          <reporter-output>
          </reporter-output>
        </test-method> <!-- closeBrowser -->
      </class> <!-- CodeAcademy.HelpValidation -->
    </test> <!-- Help Validation -->
    <test name="Error Message validation" duration-ms="16099" started-at="2019-03-19T10:20:10Z" finished-at="2019-03-19T10:20:26Z">
      <class name="CodeAcademy.TitleValidation">
        <test-method status="PASS" signature="browserSetup()[pri:0, instance:CodeAcademy.TitleValidation@4135c3b]" name="browserSetup" is-config="true" duration-ms="3367" started-at="2019-03-19T10:20:10Z" finished-at="2019-03-19T10:20:13Z">
          <reporter-output>
          </reporter-output>
        </test-method> <!-- browserSetup -->
        <test-method status="FAIL" signature="homePage(java.lang.String, java.lang.String)[pri:0, instance:CodeAcademy.TitleValidation@4135c3b]" name="homePage" duration-ms="9987" started-at="2019-03-19T10:20:13Z" data-provider="getData" finished-at="2019-03-19T10:20:23Z">
          <params>
            <param index="0">
              <value>
                <![CDATA[ThisIsUserName3]]>
              </value>
            </param>
            <param index="1">
              <value>
                <![CDATA[ThisisPassword3]]>
              </value>
            </param>
          </params>
          <exception class="java.lang.AssertionError">
            <message>
              <![CDATA[expected [true] but found [false]]]>
            </message>
            <full-stacktrace>
              <![CDATA[java.lang.AssertionError: expected [true] but found [false]
at org.testng.Assert.fail(Assert.java:96)
at org.testng.Assert.failNotEquals(Assert.java:776)
at org.testng.Assert.assertTrue(Assert.java:44)
at org.testng.Assert.assertTrue(Assert.java:54)
at CodeAcademy.TitleValidation.homePage(TitleValidation.java:68)
at sun.reflect.NativeMethodAccessorImpl.invoke0(Native Method)
at sun.reflect.NativeMethodAccessorImpl.invoke(NativeMethodAccessorImpl.java:62)
at sun.reflect.DelegatingMethodAccessorImpl.invoke(DelegatingMethodAccessorImpl.java:43)
at java.lang.reflect.Method.invoke(Method.java:498)
at org.testng.internal.MethodInvocationHelper.invokeMethod(MethodInvocationHelper.java:124)
at org.testng.internal.Invoker.invokeMethod(Invoker.java:583)
at org.testng.internal.Invoker.invokeTestMethod(Invoker.java:719)
at org.testng.internal.Invoker.invokeTestMethods(Invoker.java:989)
at org.testng.internal.TestMethodWorker.invokeTestMethods(TestMethodWorker.java:125)
at org.testng.internal.TestMethodWorker.run(TestMethodWorker.java:109)
at org.testng.TestRunner.privateRun(TestRunner.java:648)
at org.testng.TestRunner.run(TestRunner.java:505)
at org.testng.SuiteRunner.runTest(SuiteRunner.java:455)
at org.testng.SuiteRunner.runSequentially(SuiteRunner.java:450)
at org.testng.SuiteRunner.privateRun(SuiteRunner.java:415)
at org.testng.SuiteRunner.run(SuiteRunner.java:364)
at org.testng.SuiteRunnerWorker.runSuite(SuiteRunnerWorker.java:52)
at org.testng.SuiteRunnerWorker.run(SuiteRunnerWorker.java:84)
at org.testng.TestNG.runSuitesSequentially(TestNG.java:1208)
at org.testng.TestNG.runSuitesLocally(TestNG.java:1137)
at org.testng.TestNG.runSuites(TestNG.java:1049)
at org.testng.TestNG.run(TestNG.java:1017)
at org.testng.remote.AbstractRemoteTestNG.run(AbstractRemoteTestNG.java:115)
at org.testng.remote.RemoteTestNG.initAndRun(RemoteTestNG.java:251)
at org.testng.remote.RemoteTestNG.main(RemoteTestNG.java:77)
]]>
            </full-stacktrace>
          </exception> <!-- java.lang.AssertionError -->
          <reporter-output>
          </reporter-output>
        </test-method> <!-- homePage -->
        <test-method status="PASS" signature="closeBrowser()[pri:0, instance:CodeAcademy.TitleValidation@4135c3b]" name="closeBrowser" is-config="true" duration-ms="2344" started-at="2019-03-19T10:20:23Z" finished-at="2019-03-19T10:20:26Z">
          <reporter-output>
          </reporter-output>
        </test-method> <!-- closeBrowser -->
      </class> <!-- CodeAcademy.TitleValidation -->
    </test> <!-- Error Message validation -->
    <test name="Validating the home page" duration-ms="26650" started-at="2019-03-19T10:20:26Z" finished-at="2019-03-19T10:20:52Z">
      <class name="CodeAcademy.HomePage">
        <test-method status="PASS" signature="browserSetup()[pri:0, instance:CodeAcademy.HomePage@128d2484]" name="browserSetup" is-config="true" duration-ms="3368" started-at="2019-03-19T10:20:26Z" finished-at="2019-03-19T10:20:29Z">
          <reporter-output>
          </reporter-output>
        </test-method> <!-- browserSetup -->
        <test-method status="PASS" signature="basePageNavigation(java.lang.String, java.lang.String, java.lang.String)[pri:0, instance:CodeAcademy.HomePage@128d2484]" name="basePageNavigation" duration-ms="10747" started-at="2019-03-19T10:20:29Z" data-provider="getData" finished-at="2019-03-19T10:20:40Z">
          <params>
            <param index="0">
              <value>
                <![CDATA[ThisIsUserName1]]>
              </value>
            </param>
            <param index="1">
              <value>
                <![CDATA[ThisisPassword1]]>
              </value>
            </param>
            <param index="2">
              <value>
                <![CDATA[Trial-1]]>
              </value>
            </param>
          </params>
          <reporter-output>
          </reporter-output>
        </test-method> <!-- basePageNavigation -->
        <test-method status="PASS" signature="basePageNavigation(java.lang.String, java.lang.String, java.lang.String)[pri:0, instance:CodeAcademy.HomePage@128d2484]" name="basePageNavigation" duration-ms="10194" started-at="2019-03-19T10:20:40Z" data-provider="getData" finished-at="2019-03-19T10:20:50Z">
          <params>
            <param index="0">
              <value>
                <![CDATA[ThisIsUserName2]]>
              </value>
            </param>
            <param index="1">
              <value>
                <![CDATA[ThisisPassword2]]>
              </value>
            </param>
            <param index="2">
              <value>
                <![CDATA[Trial-2]]>
              </value>
            </param>
          </params>
          <reporter-output>
          </reporter-output>
        </test-method> <!-- basePageNavigation -->
        <test-method status="PASS" signature="closebrowser()[pri:0, instance:CodeAcademy.HomePage@128d2484]" name="closebrowser" is-config="true" duration-ms="2341" started-at="2019-03-19T10:20:50Z" finished-at="2019-03-19T10:20:52Z">
          <reporter-output>
          </reporter-output>
        </test-method> <!-- closebrowser -->
      </class> <!-- CodeAcademy.HomePage -->
    </test> <!-- Validating the home page -->
  </suite> <!-- Suite -->
</testng-results>
